   1              		.syntax unified
   2              		.cpu cortex-m3
   3              		.fpu softvfp
   4              		.eabi_attribute 20, 1
   5              		.eabi_attribute 21, 1
   6              		.eabi_attribute 23, 3
   7              		.eabi_attribute 24, 1
   8              		.eabi_attribute 25, 1
   9              		.eabi_attribute 26, 1
  10              		.eabi_attribute 30, 1
  11              		.eabi_attribute 18, 4
  12              		.thumb
  13              		.file	"fattime.c"
  23              	.Ltext0:
  24              		.file 1 "../sd_card/fatfs/fattime.c"
 19168              		.align	2
 19169              		.global	get_fattime
 19170              		.thumb
 19171              		.thumb_func
 19173              	get_fattime:
 19174              	.LFB29:
   1:../sd_card/fatfs/fattime.c **** /* Martin Thomas 4/2009 */
   2:../sd_card/fatfs/fattime.c **** 
   3:../sd_card/fatfs/fattime.c **** #include "ff_integer.h"
   4:../sd_card/fatfs/fattime.c **** #include "fattime.h"
   5:../sd_card/fatfs/fattime.c **** #include "../RTC/rtc.h"
   6:../sd_card/fatfs/fattime.c **** 
   7:../sd_card/fatfs/fattime.c **** DWORD get_fattime (void)
   8:../sd_card/fatfs/fattime.c **** {
 19175              		.loc 1 8 0
 19176              		.cfi_startproc
 19177              		@ args = 0, pretend = 0, frame = 8
 19178              		@ frame_needed = 0, uses_anonymous_args = 0
 19179 0000 00B5     		push	{lr}
 19180              	.LCFI0:
 19181              		.cfi_def_cfa_offset 4
 19182 0002 83B0     		sub	sp, sp, #12
 19183              	.LCFI1:
 19184              		.cfi_def_cfa_offset 16
   9:../sd_card/fatfs/fattime.c **** 	DWORD res;
  10:../sd_card/fatfs/fattime.c **** 
  11:../sd_card/fatfs/fattime.c **** 	RTCDate rtc;
  12:../sd_card/fatfs/fattime.c **** 
  13:../sd_card/fatfs/fattime.c **** 	RTCgetTime( &rtc );
 19185              		.loc 1 13 0
 19186 0004 6846     		mov	r0, sp
 19187              		.cfi_offset 14, -4
 19188 0006 FFF7FEFF 		bl	RTCgetTime
 19189 000a 9DF80030 		ldrb	r3, [sp, #0]	@ zero_extendqisi2
 19190 000e 9DF80120 		ldrb	r2, [sp, #1]	@ zero_extendqisi2
 19191 0012 4FEA4252 		lsl	r2, r2, #21
 19192 0016 42EA0342 		orr	r2, r2, r3, lsl #16
 19193 001a 9DF80630 		ldrb	r3, [sp, #6]	@ zero_extendqisi2
 19194 001e 42EA5302 		orr	r2, r2, r3, lsr #1
 19195 0022 BDF80230 		ldrh	r3, [sp, #2]
 19196 0026 A3F5F663 		sub	r3, r3, #1968
 19197 002a A3F10C03 		sub	r3, r3, #12
 19198 002e 42EA4363 		orr	r3, r2, r3, lsl #25
 19199 0032 9DF80420 		ldrb	r2, [sp, #4]	@ zero_extendqisi2
 19200 0036 4FEAC222 		lsl	r2, r2, #11
 19201 003a 92B2     		uxth	r2, r2
 19202 003c 43EA0203 		orr	r3, r3, r2
 19203 0040 9DF80500 		ldrb	r0, [sp, #5]	@ zero_extendqisi2
  14:../sd_card/fatfs/fattime.c **** 	
  15:../sd_card/fatfs/fattime.c **** 	res =  (((DWORD)rtc.year - 1980) << 25)
  16:../sd_card/fatfs/fattime.c **** 			| ((DWORD)rtc.month << 21)
  17:../sd_card/fatfs/fattime.c **** 			| ((DWORD)rtc.day << 16)
  18:../sd_card/fatfs/fattime.c **** 			| (WORD)(rtc.hour << 11)
  19:../sd_card/fatfs/fattime.c **** 			| (WORD)(rtc.minute << 5)
  20:../sd_card/fatfs/fattime.c **** 			| (WORD)(rtc.second >> 1);
  21:../sd_card/fatfs/fattime.c **** 
  22:../sd_card/fatfs/fattime.c **** 	return res;
  23:../sd_card/fatfs/fattime.c **** }
 19204              		.loc 1 23 0
 19205 0044 43EA4010 		orr	r0, r3, r0, lsl #5
 19206 0048 03B0     		add	sp, sp, #12
 19207 004a 00BD     		pop	{pc}
 19208              		.cfi_endproc
 19209              	.LFE29:
 19211              		.text
 19212              	.Letext0:
DEFINED SYMBOLS
                            *ABS*:00000000 fattime.c
C:\Users\user\AppData\Local\Temp\cc29zA34.s:19168  .text.get_fattime:00000000 $t
C:\Users\user\AppData\Local\Temp\cc29zA34.s:19173  .text.get_fattime:00000000 get_fattime
                     .debug_frame:00000010 $d

UNDEFINED SYMBOLS
RTCgetTime
