   1              	# 1 "../Setup/startup_stm32f10x_cl.S"
   1              	/**
   0              	
   0              	
   0              	
   2              	 ******************************************************************************
   3              	 * @file      startup_stm32f10x_cl.s
   4              	 * @author    MCD Application Team
   5              	 * @version   V3.3.0
   6              	 * @date      04/16/2010
   7              	 * @brief     STM32F10x Connectivity line Devices vector table for Atollic
   8              	 *            toolchain.
   9              	 *            This module performs:
  10              	 *                - Set the initial SP
  11              	 *                - Set the initial PC == Reset_Handler,
  12              	 *                - Set the vector table entries with the exceptions ISR
  13              	 *                  address.
  14              	  *               - Configure the clock system
  15              	 *                - Branches to main in the C library (which eventually
  16              	 *                  calls main()).
  17              	 *            After Reset the Cortex-M3 processor is in Thread mode,
  18              	 *            priority is Privileged, and the Stack is set to Main.
  19              	 *******************************************************************************
  20              	 * @copy
  21              	 *
  22              	 * THE PRESENT FIRMWARE WHICH IS FOR GUIDANCE ONLY AIMS AT PROVIDING CUSTOMERS
  23              	 * WITH CODING INFORMATION REGARDING THEIR PRODUCTS IN ORDER FOR THEM TO SAVE
  24              	 * TIME. AS A RESULT, STMICROELECTRONICS SHALL NOT BE HELD LIABLE FOR ANY
  25              	 * DIRECT, INDIRECT OR CONSEQUENTIAL DAMAGES WITH RESPECT TO ANY CLAIMS ARISING
  26              	 * FROM THE CONTENT OF SUCH FIRMWARE AND/OR THE USE MADE BY CUSTOMERS OF THE
  27              	 * CODING INFORMATION CONTAINED HEREIN IN CONNECTION WITH THEIR PRODUCTS.
  28              	 *
  29              	 * <h2><center>&copy; COPYRIGHT 2010 STMicroelectronics</center></h2>
  30              	 */
  31              	
  32              	  .syntax unified
  33              		.cpu cortex-m3
  34              		.fpu softvfp
  35              		.thumb
  36              	
  37              	.global	g_pfnVectors
  38              	.global	SystemInit_ExtMemCtl_Dummy
  39              	.global	Default_Handler
  40              	
  41              	/* start address for the initialization values of the .data section.
  42              	defined in linker script */
  43 0000 00000000 	.word	_sidata
  44              	/* start address for the .data section. defined in linker script */
  45 0004 00000000 	.word	_sdata
  46              	/* end address for the .data section. defined in linker script */
  47 0008 00000000 	.word	_edata
  48              	/* start address for the .bss section. defined in linker script */
  49 000c 00000000 	.word	_sbss
  50              	/* end address for the .bss section. defined in linker script */
  51 0010 00000000 	.word	_ebss
  52              	
  53              	.equ  BootRAM, 0xF1E0F85F
  54              	/**
  55              	 * @brief  This is the code that gets called when the processor first
  56              	 *          starts execution following a reset event. Only the absolutely
  57              	 *          necessary set is performed, after which the application
  58              	 *          supplied main() routine is called.
  59              	 * @param  None
  60              	 * @retval : None
  61              	*/
  62              	
  63              	    .section	.text.Reset_Handler
  64              		.weak	Reset_Handler
  66              	Reset_Handler:
  67              	
  68              	/* Copy the data segment initializers from flash to SRAM */
  69 0000 0021     	  movs	r1, #0
  70 0002 03E0     	  b	LoopCopyDataInit
  71              	
  72              	CopyDataInit:
  73 0004 0B4B     		ldr	r3, =_sidata
  74 0006 5B58     		ldr	r3, [r3, r1]
  75 0008 4350     		str	r3, [r0, r1]
  76 000a 0431     		adds	r1, r1, #4
  77              	
  78              	LoopCopyDataInit:
  79 000c 0A48     		ldr	r0, =_sdata
  80 000e 0B4B     		ldr	r3, =_edata
  81 0010 4218     		adds	r2, r0, r1
  82 0012 9A42     		cmp	r2, r3
  83 0014 F6D3     		bcc	CopyDataInit
  84 0016 0A4A     		ldr	r2, =_sbss
  85 0018 02E0     		b	LoopFillZerobss
  86              	
  87              	/* Zero fill the bss segment. */
  88              	FillZerobss:
  89 001a 0023     		movs	r3, #0
  90 001c 42F8043B 		str	r3, [r2], #4
  91              	
  92              	LoopFillZerobss:
  93 0020 084B     		ldr	r3, = _ebss
  94 0022 9A42     		cmp	r2, r3
  95 0024 F9D3     		bcc	FillZerobss
  96              	
  97              	/* Call the clock system intitialization function.*/
  98 0026 FFF7FEFF 	  	bl  SystemInit
  99              	/* Call static constructors */
 100 002a FFF7FEFF 	    bl __libc_init_array
 101              	/* Call the application's entry point.*/
 102 002e FFF7FEFF 		bl	main
 103 0032 7047     		bx	lr
 105              	
 106              	/**
 107              	 * @brief  This is the code that gets called when the processor receives an
 108              	 *         unexpected interrupt.  This simply enters an infinite loop, preserving
 109              	 *         the system state for examination by a debugger.
 110              	 *
 111              	 * @param  None
 112              	 * @retval : None
 113              	*/
 114              	    .section	.text.Default_Handler,"ax",%progbits
 115              	Default_Handler:
 116              	Infinite_Loop:
 117 0000 FEE7     		b	Infinite_Loop
 119              	
 120              	/******************************************************************************
 121              	*
 122              	* The minimal vector table for a Cortex M3.  Note that the proper constructs
 123              	* must be placed on this to ensure that it ends up at physical address
 124              	* 0x0000.0000.
 125              	*
 126              	******************************************************************************/
 127              	 	.section	.isr_vector,"a",%progbits
 130              	
 131              	
 132              	g_pfnVectors:
 133 0000 00000000 		.word	_estack
 134 0004 00000000 		.word	Reset_Handler
 135 0008 00000000 		.word	NMI_Handler
 136 000c 00000000 		.word	HardFault_Handler
 137 0010 00000000 		.word	MemManage_Handler
 138 0014 00000000 		.word	BusFault_Handler
 139 0018 00000000 		.word	UsageFault_Handler
 140 001c 00000000 		.word	0
 141 0020 00000000 		.word	0
 142 0024 00000000 		.word	0
 143 0028 00000000 		.word	0
 144 002c 00000000 		.word	SVC_Handler
 145 0030 00000000 		.word	DebugMon_Handler
 146 0034 00000000 		.word	0
 147 0038 00000000 		.word	PendSV_Handler
 148 003c 00000000 		.word	SysTick_Handler
 149 0040 00000000 		.word	WWDG_IRQHandler
 150 0044 00000000 		.word	PVD_IRQHandler
 151 0048 00000000 		.word	TAMPER_IRQHandler
 152 004c 00000000 		.word	RTC_IRQHandler
 153 0050 00000000 		.word	FLASH_IRQHandler
 154 0054 00000000 		.word	RCC_IRQHandler
 155 0058 00000000 		.word	EXTI0_IRQHandler
 156 005c 00000000 		.word	EXTI1_IRQHandler
 157 0060 00000000 		.word	EXTI2_IRQHandler
 158 0064 00000000 		.word	EXTI3_IRQHandler
 159 0068 00000000 		.word	EXTI4_IRQHandler
 160 006c 00000000 		.word	DMA1_Channel1_IRQHandler
 161 0070 00000000 		.word	DMA1_Channel2_IRQHandler
 162 0074 00000000 		.word	DMA1_Channel3_IRQHandler
 163 0078 00000000 		.word	DMA1_Channel4_IRQHandler
 164 007c 00000000 		.word	DMA1_Channel5_IRQHandler
 165 0080 00000000 		.word	DMA1_Channel6_IRQHandler
 166 0084 00000000 		.word	DMA1_Channel7_IRQHandler
 167 0088 00000000 		.word	ADC1_2_IRQHandler
 168 008c 00000000 	  .word CAN1_TX_IRQHandler
 169 0090 00000000 	  .word CAN1_RX0_IRQHandler
 170 0094 00000000 	 	.word	CAN1_RX1_IRQHandler
 171 0098 00000000 		.word	CAN1_SCE_IRQHandler
 172 009c 00000000 		.word	EXTI9_5_IRQHandler
 173 00a0 00000000 		.word	TIM1_BRK_IRQHandler
 174 00a4 00000000 		.word	TIM1_UP_IRQHandler
 175 00a8 00000000 		.word	TIM1_TRG_COM_IRQHandler
 176 00ac 00000000 		.word	TIM1_CC_IRQHandler
 177 00b0 00000000 		.word	TIM2_IRQHandler
 178 00b4 00000000 		.word	TIM3_IRQHandler
 179 00b8 00000000 		.word	TIM4_IRQHandler
 180 00bc 00000000 		.word	I2C1_EV_IRQHandler
 181 00c0 00000000 		.word	I2C1_ER_IRQHandler
 182 00c4 00000000 		.word	I2C2_EV_IRQHandler
 183 00c8 00000000 		.word	I2C2_ER_IRQHandler
 184 00cc 00000000 		.word	SPI1_IRQHandler
 185 00d0 00000000 		.word	SPI2_IRQHandler
 186 00d4 00000000 		.word	USART1_IRQHandler
 187 00d8 00000000 		.word	USART2_IRQHandler
 188 00dc 00000000 		.word	USART3_IRQHandler
 189 00e0 00000000 		.word	EXTI15_10_IRQHandler
 190 00e4 00000000 		.word	RTCAlarm_IRQHandler
 191 00e8 00000000 		.word	OTG_FS_WKUP_IRQHandler
 192 00ec 00000000 	  .word	0
 193 00f0 00000000 		.word	0
 194 00f4 00000000 		.word	0
 195 00f8 00000000 		.word	0
 196 00fc 00000000 		.word	0
 197 0100 00000000 		.word	0
 198 0104 00000000 		.word	0
 199 0108 00000000 		.word TIM5_IRQHandler
 200 010c 00000000 	  .word SPI3_IRQHandler
 201 0110 00000000 	  .word UART4_IRQHandler
 202 0114 00000000 	  .word UART5_IRQHandler
 203 0118 00000000 	  .word TIM6_IRQHandler
 204 011c 00000000 	  .word TIM7_IRQHandler
 205 0120 00000000 	  .word DMA2_Channel1_IRQHandler
 206 0124 00000000 	  .word DMA2_Channel2_IRQHandler
 207 0128 00000000 	  .word DMA2_Channel3_IRQHandler
 208 012c 00000000 	  .word DMA2_Channel4_IRQHandler
 209 0130 00000000 	  .word DMA2_Channel5_IRQHandler
 210 0134 00000000 	  .word ETH_IRQHandler
 211 0138 00000000 	  .word ETH_WKUP_IRQHandler
 212 013c 00000000 	  .word CAN2_TX_IRQHandler
 213 0140 00000000 	  .word CAN2_RX0_IRQHandler
 214 0144 00000000 	  .word CAN2_RX1_IRQHandler
 215 0148 00000000 	  .word CAN2_SCE_IRQHandler
 216 014c 00000000 	  .word OTG_FS_IRQHandler
 217 0150 00000000 	  .word 0
 218 0154 00000000 	  .word 0
 219 0158 00000000 	  .word 0
 220 015c 00000000 	  .word 0
 221 0160 00000000 	  .word 0
 222 0164 00000000 	  .word 0
 223 0168 00000000 	  .word 0
 224 016c 00000000 	  .word 0
 225 0170 00000000 	  .word 0
 226 0174 00000000 	  .word 0
 227 0178 00000000 	  .word 0
 228 017c 00000000 	  .word 0
 229 0180 00000000 	  .word 0
 230 0184 00000000 	  .word 0
 231 0188 00000000 	  .word 0
 232 018c 00000000 	  .word 0
 233 0190 00000000 	  .word 0
 234 0194 00000000 	  .word 0
 235 0198 00000000 	  .word 0
 236 019c 00000000 	  .word 0
 237 01a0 00000000 	  .word 0
 238 01a4 00000000 	  .word 0
 239 01a8 00000000 	  .word 0
 240 01ac 00000000 	  .word 0
 241 01b0 00000000 	  .word 0
 242 01b4 00000000 	  .word 0
 243 01b8 00000000 	  .word 0
 244 01bc 00000000 	  .word 0
 245 01c0 00000000 	  .word 0
 246 01c4 00000000 	  .word 0
 247 01c8 00000000 	  .word 0
 248 01cc 00000000 	  .word 0
 249 01d0 00000000 	  .word 0
 250 01d4 00000000 	  .word 0
 251 01d8 00000000 	  .word 0
 252 01dc 00000000 	  .word 0
 253 01e0 5FF8E0F1 	  .word BootRAM     /* @0x1E0. This is for boot in RAM mode for
 254              	                         STM32F10x Connectivity line Devices. */
 255              	
 256              	/*******************************************************************************
 257              	*
 258              	* Provide weak aliases for each Exception handler to the Default_Handler.
 259              	* As they are weak aliases, any function with the same name will override
 260              	* this definition.
 261              	*
 262              	*******************************************************************************/
 263              	  .weak	NMI_Handler
 264              		.thumb_set NMI_Handler,Default_Handler
 265              	
 266              	  .weak	HardFault_Handler
 267              		.thumb_set HardFault_Handler,Default_Handler
 268              	
 269              	  .weak	MemManage_Handler
 270              		.thumb_set MemManage_Handler,Default_Handler
 271              	
 272              	  .weak	BusFault_Handler
 273              		.thumb_set BusFault_Handler,Default_Handler
 274              	
 275              		.weak	UsageFault_Handler
 276              		.thumb_set UsageFault_Handler,Default_Handler
 277              	
 278              		.weak	SVC_Handler
 279              		.thumb_set SVC_Handler,Default_Handler
 280              	
 281              		.weak	DebugMon_Handler
 282              		.thumb_set DebugMon_Handler,Default_Handler
 283              	
 284              		.weak	PendSV_Handler
 285              		.thumb_set PendSV_Handler,Default_Handler
 286              	
 287              		.weak	SysTick_Handler
 288              		.thumb_set SysTick_Handler,Default_Handler
 289              	
 290              		.weak	WWDG_IRQHandler
 291              		.thumb_set WWDG_IRQHandler,Default_Handler
 292              	
 293              		.weak	PVD_IRQHandler
 294              		.thumb_set PVD_IRQHandler,Default_Handler
 295              	
 296              		.weak	TAMPER_IRQHandler
 297              		.thumb_set TAMPER_IRQHandler,Default_Handler
 298              	
 299              		.weak	RTC_IRQHandler
 300              		.thumb_set RTC_IRQHandler,Default_Handler
 301              	
 302              		.weak	FLASH_IRQHandler
 303              		.thumb_set FLASH_IRQHandler,Default_Handler
 304              	
 305              		.weak	RCC_IRQHandler
 306              		.thumb_set RCC_IRQHandler,Default_Handler
 307              	
 308              		.weak	EXTI0_IRQHandler
 309              		.thumb_set EXTI0_IRQHandler,Default_Handler
 310              	
 311              		.weak	EXTI1_IRQHandler
 312              		.thumb_set EXTI1_IRQHandler,Default_Handler
 313              	
 314              		.weak	EXTI2_IRQHandler
 315              		.thumb_set EXTI2_IRQHandler,Default_Handler
 316              	
 317              		.weak	EXTI3_IRQHandler
 318              		.thumb_set EXTI3_IRQHandler,Default_Handler
 319              	
 320              		.weak	EXTI4_IRQHandler
 321              		.thumb_set EXTI4_IRQHandler,Default_Handler
 322              	
 323              		.weak	DMA1_Channel1_IRQHandler
 324              		.thumb_set DMA1_Channel1_IRQHandler,Default_Handler
 325              	
 326              		.weak	DMA1_Channel2_IRQHandler
 327              		.thumb_set DMA1_Channel2_IRQHandler,Default_Handler
 328              	
 329              		.weak	DMA1_Channel3_IRQHandler
 330              		.thumb_set DMA1_Channel3_IRQHandler,Default_Handler
 331              	
 332              		.weak	DMA1_Channel4_IRQHandler
 333              		.thumb_set DMA1_Channel4_IRQHandler,Default_Handler
 334              	
 335              		.weak	DMA1_Channel5_IRQHandler
 336              		.thumb_set DMA1_Channel5_IRQHandler,Default_Handler
 337              	
 338              		.weak	DMA1_Channel6_IRQHandler
 339              		.thumb_set DMA1_Channel6_IRQHandler,Default_Handler
 340              	
 341              		.weak	DMA1_Channel7_IRQHandler
 342              		.thumb_set DMA1_Channel7_IRQHandler,Default_Handler
 343              	
 344              		.weak	ADC1_2_IRQHandler
 345              		.thumb_set ADC1_2_IRQHandler,Default_Handler
 346              	
 347              		.weak	CAN1_TX_IRQHandler
 348              		.thumb_set CAN1_TX_IRQHandler,Default_Handler
 349              	
 350              		.weak	CAN1_RX0_IRQHandler
 351              		.thumb_set CAN1_RX0_IRQHandler,Default_Handler
 352              	
 353              		.weak	CAN1_RX1_IRQHandler
 354              		.thumb_set CAN1_RX1_IRQHandler,Default_Handler
 355              	
 356              		.weak	CAN1_SCE_IRQHandler
 357              		.thumb_set CAN1_SCE_IRQHandler,Default_Handler
 358              	
 359              		.weak	EXTI9_5_IRQHandler
 360              		.thumb_set EXTI9_5_IRQHandler,Default_Handler
 361              	
 362              		.weak	TIM1_BRK_IRQHandler
 363              		.thumb_set TIM1_BRK_IRQHandler,Default_Handler
 364              	
 365              		.weak	TIM1_UP_IRQHandler
 366              		.thumb_set TIM1_UP_IRQHandler,Default_Handler
 367              	
 368              		.weak	TIM1_TRG_COM_IRQHandler
 369              		.thumb_set TIM1_TRG_COM_IRQHandler,Default_Handler
 370              	
 371              		.weak	TIM1_CC_IRQHandler
 372              		.thumb_set TIM1_CC_IRQHandler,Default_Handler
 373              	
 374              		.weak	TIM2_IRQHandler
 375              		.thumb_set TIM2_IRQHandler,Default_Handler
 376              	
 377              		.weak	TIM3_IRQHandler
 378              		.thumb_set TIM3_IRQHandler,Default_Handler
 379              	
 380              		.weak	TIM4_IRQHandler
 381              		.thumb_set TIM4_IRQHandler,Default_Handler
 382              	
 383              		.weak	I2C1_EV_IRQHandler
 384              		.thumb_set I2C1_EV_IRQHandler,Default_Handler
 385              	
 386              		.weak	I2C1_ER_IRQHandler
 387              		.thumb_set I2C1_ER_IRQHandler,Default_Handler
 388              	
 389              		.weak	I2C2_EV_IRQHandler
 390              		.thumb_set I2C2_EV_IRQHandler,Default_Handler
 391              	
 392              		.weak	I2C2_ER_IRQHandler
 393              		.thumb_set I2C2_ER_IRQHandler,Default_Handler
 394              	
 395              		.weak	SPI1_IRQHandler
 396              		.thumb_set SPI1_IRQHandler,Default_Handler
 397              	
 398              		.weak	SPI2_IRQHandler
 399              		.thumb_set SPI2_IRQHandler,Default_Handler
 400              	
 401              		.weak	USART1_IRQHandler
 402              		.thumb_set USART1_IRQHandler,Default_Handler
 403              	
 404              		.weak	USART2_IRQHandler
 405              		.thumb_set USART2_IRQHandler,Default_Handler
 406              	
 407              		.weak	USART3_IRQHandler
 408              		.thumb_set USART3_IRQHandler,Default_Handler
 409              	
 410              		.weak	EXTI15_10_IRQHandler
 411              		.thumb_set EXTI15_10_IRQHandler,Default_Handler
 412              	
 413              		.weak	RTCAlarm_IRQHandler
 414              		.thumb_set RTCAlarm_IRQHandler,Default_Handler
 415              	
 416              		.weak	OTG_FS_WKUP_IRQHandler
 417              		.thumb_set OTG_FS_WKUP_IRQHandler,Default_Handler
 418              	
 419              		.weak	TIM5_IRQHandler
 420              		.thumb_set TIM5_IRQHandler,Default_Handler
 421              	
 422              		.weak	SPI3_IRQHandler
 423              		.thumb_set SPI3_IRQHandler,Default_Handler
 424              	
 425              		.weak	UART4_IRQHandler
 426              		.thumb_set UART4_IRQHandler,Default_Handler
 427              	
 428              		.weak	UART5_IRQHandler
 429              		.thumb_set UART5_IRQHandler,Default_Handler
 430              	
 431              		.weak	TIM6_IRQHandler
 432              		.thumb_set TIM6_IRQHandler,Default_Handler
 433              	
 434              		.weak	TIM7_IRQHandler
 435              		.thumb_set TIM7_IRQHandler,Default_Handler
 436              	
 437              		.weak	DMA2_Channel1_IRQHandler
 438              		.thumb_set DMA2_Channel1_IRQHandler,Default_Handler
 439              	
 440              		.weak	DMA2_Channel2_IRQHandler
 441              		.thumb_set DMA2_Channel2_IRQHandler,Default_Handler
 442              	
 443              		.weak	DMA2_Channel3_IRQHandler
 444              		.thumb_set DMA2_Channel3_IRQHandler,Default_Handler
 445              	
 446              		.weak	DMA2_Channel4_IRQHandler
 447              		.thumb_set DMA2_Channel4_IRQHandler,Default_Handler
 448              	
 449              		.weak	DMA2_Channel5_IRQHandler
 450              		.thumb_set DMA2_Channel5_IRQHandler,Default_Handler
 451              	
 452              		.weak	ETH_IRQHandler
 453              		.thumb_set ETH_IRQHandler,Default_Handler
 454              	
 455              		.weak	ETH_WKUP_IRQHandler
 456              		.thumb_set ETH_WKUP_IRQHandler,Default_Handler
 457              	
 458              		.weak	CAN2_TX_IRQHandler
 459              		.thumb_set CAN2_TX_IRQHandler,Default_Handler
 460              	
 461              		.weak	CAN2_RX0_IRQHandler
 462              		.thumb_set CAN2_RX0_IRQHandler,Default_Handler
 463              	
 464              		.weak	CAN2_RX1_IRQHandler
 465              		.thumb_set CAN2_RX1_IRQHandler,Default_Handler
 466              	
 467              		.weak	CAN2_SCE_IRQHandler
 468              		.thumb_set CAN2_SCE_IRQHandler,Default_Handler
 469              	
 470              		.weak	OTG_FS_IRQHandler
 471              		.thumb_set OTG_FS_IRQHandler ,Default_Handler
DEFINED SYMBOLS
../Setup/startup_stm32f10x_cl.S:132    .isr_vector:00000000 g_pfnVectors
../Setup/startup_stm32f10x_cl.S:115    .text.Default_Handler:00000000 Default_Handler
../Setup/startup_stm32f10x_cl.S:53     *ABS*:f1e0f85f BootRAM
../Setup/startup_stm32f10x_cl.S:66     .text.Reset_Handler:00000000 Reset_Handler
../Setup/startup_stm32f10x_cl.S:69     .text.Reset_Handler:00000000 $t
../Setup/startup_stm32f10x_cl.S:78     .text.Reset_Handler:0000000c LoopCopyDataInit
../Setup/startup_stm32f10x_cl.S:72     .text.Reset_Handler:00000004 CopyDataInit
../Setup/startup_stm32f10x_cl.S:92     .text.Reset_Handler:00000020 LoopFillZerobss
../Setup/startup_stm32f10x_cl.S:88     .text.Reset_Handler:0000001a FillZerobss
../Setup/startup_stm32f10x_cl.S:116    .text.Default_Handler:00000000 Infinite_Loop
../Setup/startup_stm32f10x_cl.S:117    .text.Default_Handler:00000000 $t
../Setup/startup_stm32f10x_cl.S:115    .text.Default_Handler:00000000 NMI_Handler
../Setup/startup_stm32f10x_cl.S:115    .text.Default_Handler:00000000 HardFault_Handler
../Setup/startup_stm32f10x_cl.S:115    .text.Default_Handler:00000000 MemManage_Handler
../Setup/startup_stm32f10x_cl.S:115    .text.Default_Handler:00000000 BusFault_Handler
../Setup/startup_stm32f10x_cl.S:115    .text.Default_Handler:00000000 UsageFault_Handler
../Setup/startup_stm32f10x_cl.S:115    .text.Default_Handler:00000000 SVC_Handler
../Setup/startup_stm32f10x_cl.S:115    .text.Default_Handler:00000000 DebugMon_Handler
../Setup/startup_stm32f10x_cl.S:115    .text.Default_Handler:00000000 PendSV_Handler
../Setup/startup_stm32f10x_cl.S:115    .text.Default_Handler:00000000 SysTick_Handler
../Setup/startup_stm32f10x_cl.S:115    .text.Default_Handler:00000000 WWDG_IRQHandler
../Setup/startup_stm32f10x_cl.S:115    .text.Default_Handler:00000000 PVD_IRQHandler
../Setup/startup_stm32f10x_cl.S:115    .text.Default_Handler:00000000 TAMPER_IRQHandler
../Setup/startup_stm32f10x_cl.S:115    .text.Default_Handler:00000000 RTC_IRQHandler
../Setup/startup_stm32f10x_cl.S:115    .text.Default_Handler:00000000 FLASH_IRQHandler
../Setup/startup_stm32f10x_cl.S:115    .text.Default_Handler:00000000 RCC_IRQHandler
../Setup/startup_stm32f10x_cl.S:115    .text.Default_Handler:00000000 EXTI0_IRQHandler
../Setup/startup_stm32f10x_cl.S:115    .text.Default_Handler:00000000 EXTI1_IRQHandler
../Setup/startup_stm32f10x_cl.S:115    .text.Default_Handler:00000000 EXTI2_IRQHandler
../Setup/startup_stm32f10x_cl.S:115    .text.Default_Handler:00000000 EXTI3_IRQHandler
../Setup/startup_stm32f10x_cl.S:115    .text.Default_Handler:00000000 EXTI4_IRQHandler
../Setup/startup_stm32f10x_cl.S:115    .text.Default_Handler:00000000 DMA1_Channel1_IRQHandler
../Setup/startup_stm32f10x_cl.S:115    .text.Default_Handler:00000000 DMA1_Channel2_IRQHandler
../Setup/startup_stm32f10x_cl.S:115    .text.Default_Handler:00000000 DMA1_Channel3_IRQHandler
../Setup/startup_stm32f10x_cl.S:115    .text.Default_Handler:00000000 DMA1_Channel4_IRQHandler
../Setup/startup_stm32f10x_cl.S:115    .text.Default_Handler:00000000 DMA1_Channel5_IRQHandler
../Setup/startup_stm32f10x_cl.S:115    .text.Default_Handler:00000000 DMA1_Channel6_IRQHandler
../Setup/startup_stm32f10x_cl.S:115    .text.Default_Handler:00000000 DMA1_Channel7_IRQHandler
../Setup/startup_stm32f10x_cl.S:115    .text.Default_Handler:00000000 ADC1_2_IRQHandler
../Setup/startup_stm32f10x_cl.S:115    .text.Default_Handler:00000000 CAN1_TX_IRQHandler
../Setup/startup_stm32f10x_cl.S:115    .text.Default_Handler:00000000 CAN1_RX0_IRQHandler
../Setup/startup_stm32f10x_cl.S:115    .text.Default_Handler:00000000 CAN1_RX1_IRQHandler
../Setup/startup_stm32f10x_cl.S:115    .text.Default_Handler:00000000 CAN1_SCE_IRQHandler
../Setup/startup_stm32f10x_cl.S:115    .text.Default_Handler:00000000 EXTI9_5_IRQHandler
../Setup/startup_stm32f10x_cl.S:115    .text.Default_Handler:00000000 TIM1_BRK_IRQHandler
../Setup/startup_stm32f10x_cl.S:115    .text.Default_Handler:00000000 TIM1_UP_IRQHandler
../Setup/startup_stm32f10x_cl.S:115    .text.Default_Handler:00000000 TIM1_TRG_COM_IRQHandler
../Setup/startup_stm32f10x_cl.S:115    .text.Default_Handler:00000000 TIM1_CC_IRQHandler
../Setup/startup_stm32f10x_cl.S:115    .text.Default_Handler:00000000 TIM2_IRQHandler
../Setup/startup_stm32f10x_cl.S:115    .text.Default_Handler:00000000 TIM3_IRQHandler
../Setup/startup_stm32f10x_cl.S:115    .text.Default_Handler:00000000 TIM4_IRQHandler
../Setup/startup_stm32f10x_cl.S:115    .text.Default_Handler:00000000 I2C1_EV_IRQHandler
../Setup/startup_stm32f10x_cl.S:115    .text.Default_Handler:00000000 I2C1_ER_IRQHandler
../Setup/startup_stm32f10x_cl.S:115    .text.Default_Handler:00000000 I2C2_EV_IRQHandler
../Setup/startup_stm32f10x_cl.S:115    .text.Default_Handler:00000000 I2C2_ER_IRQHandler
../Setup/startup_stm32f10x_cl.S:115    .text.Default_Handler:00000000 SPI1_IRQHandler
../Setup/startup_stm32f10x_cl.S:115    .text.Default_Handler:00000000 SPI2_IRQHandler
../Setup/startup_stm32f10x_cl.S:115    .text.Default_Handler:00000000 USART1_IRQHandler
../Setup/startup_stm32f10x_cl.S:115    .text.Default_Handler:00000000 USART2_IRQHandler
../Setup/startup_stm32f10x_cl.S:115    .text.Default_Handler:00000000 USART3_IRQHandler
../Setup/startup_stm32f10x_cl.S:115    .text.Default_Handler:00000000 EXTI15_10_IRQHandler
../Setup/startup_stm32f10x_cl.S:115    .text.Default_Handler:00000000 RTCAlarm_IRQHandler
../Setup/startup_stm32f10x_cl.S:115    .text.Default_Handler:00000000 OTG_FS_WKUP_IRQHandler
../Setup/startup_stm32f10x_cl.S:115    .text.Default_Handler:00000000 TIM5_IRQHandler
../Setup/startup_stm32f10x_cl.S:115    .text.Default_Handler:00000000 SPI3_IRQHandler
../Setup/startup_stm32f10x_cl.S:115    .text.Default_Handler:00000000 UART4_IRQHandler
../Setup/startup_stm32f10x_cl.S:115    .text.Default_Handler:00000000 UART5_IRQHandler
../Setup/startup_stm32f10x_cl.S:115    .text.Default_Handler:00000000 TIM6_IRQHandler
../Setup/startup_stm32f10x_cl.S:115    .text.Default_Handler:00000000 TIM7_IRQHandler
../Setup/startup_stm32f10x_cl.S:115    .text.Default_Handler:00000000 DMA2_Channel1_IRQHandler
../Setup/startup_stm32f10x_cl.S:115    .text.Default_Handler:00000000 DMA2_Channel2_IRQHandler
../Setup/startup_stm32f10x_cl.S:115    .text.Default_Handler:00000000 DMA2_Channel3_IRQHandler
../Setup/startup_stm32f10x_cl.S:115    .text.Default_Handler:00000000 DMA2_Channel4_IRQHandler
../Setup/startup_stm32f10x_cl.S:115    .text.Default_Handler:00000000 DMA2_Channel5_IRQHandler
../Setup/startup_stm32f10x_cl.S:115    .text.Default_Handler:00000000 ETH_IRQHandler
../Setup/startup_stm32f10x_cl.S:115    .text.Default_Handler:00000000 ETH_WKUP_IRQHandler
../Setup/startup_stm32f10x_cl.S:115    .text.Default_Handler:00000000 CAN2_TX_IRQHandler
../Setup/startup_stm32f10x_cl.S:115    .text.Default_Handler:00000000 CAN2_RX0_IRQHandler
../Setup/startup_stm32f10x_cl.S:115    .text.Default_Handler:00000000 CAN2_RX1_IRQHandler
../Setup/startup_stm32f10x_cl.S:115    .text.Default_Handler:00000000 CAN2_SCE_IRQHandler
../Setup/startup_stm32f10x_cl.S:115    .text.Default_Handler:00000000 OTG_FS_IRQHandler
../Setup/startup_stm32f10x_cl.S:114    .text.Reset_Handler:00000034 $d
                   .debug_aranges:0000000c $d

UNDEFINED SYMBOLS
SystemInit_ExtMemCtl_Dummy
_sidata
_sdata
_edata
_sbss
_ebss
SystemInit
__libc_init_array
main
_estack
