   1              		.syntax unified
   2              		.cpu cortex-m3
   3              		.fpu softvfp
   4              		.eabi_attribute 20, 1
   5              		.eabi_attribute 21, 1
   6              		.eabi_attribute 23, 3
   7              		.eabi_attribute 24, 1
   8              		.eabi_attribute 25, 1
   9              		.eabi_attribute 26, 1
  10              		.eabi_attribute 30, 1
  11              		.eabi_attribute 18, 4
  12              		.thumb
  13              		.file	"stm32f10x_bkp.c"
  23              	.Ltext0:
  24              		.file 1 "../Library/STM32F10x_StdPeriph_Driver/src/stm32f10x_bkp.c"
 18470              		.align	2
 18471              		.global	BKP_TamperPinLevelConfig
 18472              		.thumb
 18473              		.thumb_func
 18475              	BKP_TamperPinLevelConfig:
 18476              	.LFB30:
   1:../Library/STM32F10x_StdPeriph_Driver/src/stm32f10x_bkp.c **** /**
   2:../Library/STM32F10x_StdPeriph_Driver/src/stm32f10x_bkp.c ****   ******************************************************************************
   3:../Library/STM32F10x_StdPeriph_Driver/src/stm32f10x_bkp.c ****   * @file    stm32f10x_bkp.c
   4:../Library/STM32F10x_StdPeriph_Driver/src/stm32f10x_bkp.c ****   * @author  MCD Application Team
   5:../Library/STM32F10x_StdPeriph_Driver/src/stm32f10x_bkp.c ****   * @version V3.3.0
   6:../Library/STM32F10x_StdPeriph_Driver/src/stm32f10x_bkp.c ****   * @date    04/16/2010
   7:../Library/STM32F10x_StdPeriph_Driver/src/stm32f10x_bkp.c ****   * @brief   This file provides all the BKP firmware functions.
   8:../Library/STM32F10x_StdPeriph_Driver/src/stm32f10x_bkp.c ****   ******************************************************************************
   9:../Library/STM32F10x_StdPeriph_Driver/src/stm32f10x_bkp.c ****   * @copy
  10:../Library/STM32F10x_StdPeriph_Driver/src/stm32f10x_bkp.c ****   *
  11:../Library/STM32F10x_StdPeriph_Driver/src/stm32f10x_bkp.c ****   * THE PRESENT FIRMWARE WHICH IS FOR GUIDANCE ONLY AIMS AT PROVIDING CUSTOMERS
  12:../Library/STM32F10x_StdPeriph_Driver/src/stm32f10x_bkp.c ****   * WITH CODING INFORMATION REGARDING THEIR PRODUCTS IN ORDER FOR THEM TO SAVE
  13:../Library/STM32F10x_StdPeriph_Driver/src/stm32f10x_bkp.c ****   * TIME. AS A RESULT, STMICROELECTRONICS SHALL NOT BE HELD LIABLE FOR ANY
  14:../Library/STM32F10x_StdPeriph_Driver/src/stm32f10x_bkp.c ****   * DIRECT, INDIRECT OR CONSEQUENTIAL DAMAGES WITH RESPECT TO ANY CLAIMS ARISING
  15:../Library/STM32F10x_StdPeriph_Driver/src/stm32f10x_bkp.c ****   * FROM THE CONTENT OF SUCH FIRMWARE AND/OR THE USE MADE BY CUSTOMERS OF THE
  16:../Library/STM32F10x_StdPeriph_Driver/src/stm32f10x_bkp.c ****   * CODING INFORMATION CONTAINED HEREIN IN CONNECTION WITH THEIR PRODUCTS.
  17:../Library/STM32F10x_StdPeriph_Driver/src/stm32f10x_bkp.c ****   *
  18:../Library/STM32F10x_StdPeriph_Driver/src/stm32f10x_bkp.c ****   * <h2><center>&copy; COPYRIGHT 2010 STMicroelectronics</center></h2>
  19:../Library/STM32F10x_StdPeriph_Driver/src/stm32f10x_bkp.c ****   */ 
  20:../Library/STM32F10x_StdPeriph_Driver/src/stm32f10x_bkp.c **** 
  21:../Library/STM32F10x_StdPeriph_Driver/src/stm32f10x_bkp.c **** /* Includes ------------------------------------------------------------------*/
  22:../Library/STM32F10x_StdPeriph_Driver/src/stm32f10x_bkp.c **** #include "stm32f10x_bkp.h"
  23:../Library/STM32F10x_StdPeriph_Driver/src/stm32f10x_bkp.c **** #include "stm32f10x_rcc.h"
  24:../Library/STM32F10x_StdPeriph_Driver/src/stm32f10x_bkp.c **** 
  25:../Library/STM32F10x_StdPeriph_Driver/src/stm32f10x_bkp.c **** /** @addtogroup STM32F10x_StdPeriph_Driver
  26:../Library/STM32F10x_StdPeriph_Driver/src/stm32f10x_bkp.c ****   * @{
  27:../Library/STM32F10x_StdPeriph_Driver/src/stm32f10x_bkp.c ****   */
  28:../Library/STM32F10x_StdPeriph_Driver/src/stm32f10x_bkp.c **** 
  29:../Library/STM32F10x_StdPeriph_Driver/src/stm32f10x_bkp.c **** /** @defgroup BKP 
  30:../Library/STM32F10x_StdPeriph_Driver/src/stm32f10x_bkp.c ****   * @brief BKP driver modules
  31:../Library/STM32F10x_StdPeriph_Driver/src/stm32f10x_bkp.c ****   * @{
  32:../Library/STM32F10x_StdPeriph_Driver/src/stm32f10x_bkp.c ****   */
  33:../Library/STM32F10x_StdPeriph_Driver/src/stm32f10x_bkp.c **** 
  34:../Library/STM32F10x_StdPeriph_Driver/src/stm32f10x_bkp.c **** /** @defgroup BKP_Private_TypesDefinitions
  35:../Library/STM32F10x_StdPeriph_Driver/src/stm32f10x_bkp.c ****   * @{
  36:../Library/STM32F10x_StdPeriph_Driver/src/stm32f10x_bkp.c ****   */
  37:../Library/STM32F10x_StdPeriph_Driver/src/stm32f10x_bkp.c **** 
  38:../Library/STM32F10x_StdPeriph_Driver/src/stm32f10x_bkp.c **** /**
  39:../Library/STM32F10x_StdPeriph_Driver/src/stm32f10x_bkp.c ****   * @}
  40:../Library/STM32F10x_StdPeriph_Driver/src/stm32f10x_bkp.c ****   */
  41:../Library/STM32F10x_StdPeriph_Driver/src/stm32f10x_bkp.c **** 
  42:../Library/STM32F10x_StdPeriph_Driver/src/stm32f10x_bkp.c **** /** @defgroup BKP_Private_Defines
  43:../Library/STM32F10x_StdPeriph_Driver/src/stm32f10x_bkp.c ****   * @{
  44:../Library/STM32F10x_StdPeriph_Driver/src/stm32f10x_bkp.c ****   */
  45:../Library/STM32F10x_StdPeriph_Driver/src/stm32f10x_bkp.c **** 
  46:../Library/STM32F10x_StdPeriph_Driver/src/stm32f10x_bkp.c **** /* ------------ BKP registers bit address in the alias region --------------- */
  47:../Library/STM32F10x_StdPeriph_Driver/src/stm32f10x_bkp.c **** #define BKP_OFFSET        (BKP_BASE - PERIPH_BASE)
  48:../Library/STM32F10x_StdPeriph_Driver/src/stm32f10x_bkp.c **** 
  49:../Library/STM32F10x_StdPeriph_Driver/src/stm32f10x_bkp.c **** /* --- CR Register ----*/
  50:../Library/STM32F10x_StdPeriph_Driver/src/stm32f10x_bkp.c **** 
  51:../Library/STM32F10x_StdPeriph_Driver/src/stm32f10x_bkp.c **** /* Alias word address of TPAL bit */
  52:../Library/STM32F10x_StdPeriph_Driver/src/stm32f10x_bkp.c **** #define CR_OFFSET         (BKP_OFFSET + 0x30)
  53:../Library/STM32F10x_StdPeriph_Driver/src/stm32f10x_bkp.c **** #define TPAL_BitNumber    0x01
  54:../Library/STM32F10x_StdPeriph_Driver/src/stm32f10x_bkp.c **** #define CR_TPAL_BB        (PERIPH_BB_BASE + (CR_OFFSET * 32) + (TPAL_BitNumber * 4))
  55:../Library/STM32F10x_StdPeriph_Driver/src/stm32f10x_bkp.c **** 
  56:../Library/STM32F10x_StdPeriph_Driver/src/stm32f10x_bkp.c **** /* Alias word address of TPE bit */
  57:../Library/STM32F10x_StdPeriph_Driver/src/stm32f10x_bkp.c **** #define TPE_BitNumber     0x00
  58:../Library/STM32F10x_StdPeriph_Driver/src/stm32f10x_bkp.c **** #define CR_TPE_BB         (PERIPH_BB_BASE + (CR_OFFSET * 32) + (TPE_BitNumber * 4))
  59:../Library/STM32F10x_StdPeriph_Driver/src/stm32f10x_bkp.c **** 
  60:../Library/STM32F10x_StdPeriph_Driver/src/stm32f10x_bkp.c **** /* --- CSR Register ---*/
  61:../Library/STM32F10x_StdPeriph_Driver/src/stm32f10x_bkp.c **** 
  62:../Library/STM32F10x_StdPeriph_Driver/src/stm32f10x_bkp.c **** /* Alias word address of TPIE bit */
  63:../Library/STM32F10x_StdPeriph_Driver/src/stm32f10x_bkp.c **** #define CSR_OFFSET        (BKP_OFFSET + 0x34)
  64:../Library/STM32F10x_StdPeriph_Driver/src/stm32f10x_bkp.c **** #define TPIE_BitNumber    0x02
  65:../Library/STM32F10x_StdPeriph_Driver/src/stm32f10x_bkp.c **** #define CSR_TPIE_BB       (PERIPH_BB_BASE + (CSR_OFFSET * 32) + (TPIE_BitNumber * 4))
  66:../Library/STM32F10x_StdPeriph_Driver/src/stm32f10x_bkp.c **** 
  67:../Library/STM32F10x_StdPeriph_Driver/src/stm32f10x_bkp.c **** /* Alias word address of TIF bit */
  68:../Library/STM32F10x_StdPeriph_Driver/src/stm32f10x_bkp.c **** #define TIF_BitNumber     0x09
  69:../Library/STM32F10x_StdPeriph_Driver/src/stm32f10x_bkp.c **** #define CSR_TIF_BB        (PERIPH_BB_BASE + (CSR_OFFSET * 32) + (TIF_BitNumber * 4))
  70:../Library/STM32F10x_StdPeriph_Driver/src/stm32f10x_bkp.c **** 
  71:../Library/STM32F10x_StdPeriph_Driver/src/stm32f10x_bkp.c **** /* Alias word address of TEF bit */
  72:../Library/STM32F10x_StdPeriph_Driver/src/stm32f10x_bkp.c **** #define TEF_BitNumber     0x08
  73:../Library/STM32F10x_StdPeriph_Driver/src/stm32f10x_bkp.c **** #define CSR_TEF_BB        (PERIPH_BB_BASE + (CSR_OFFSET * 32) + (TEF_BitNumber * 4))
  74:../Library/STM32F10x_StdPeriph_Driver/src/stm32f10x_bkp.c **** 
  75:../Library/STM32F10x_StdPeriph_Driver/src/stm32f10x_bkp.c **** /* ---------------------- BKP registers bit mask ------------------------ */
  76:../Library/STM32F10x_StdPeriph_Driver/src/stm32f10x_bkp.c **** 
  77:../Library/STM32F10x_StdPeriph_Driver/src/stm32f10x_bkp.c **** /* RTCCR register bit mask */
  78:../Library/STM32F10x_StdPeriph_Driver/src/stm32f10x_bkp.c **** #define RTCCR_CAL_Mask    ((uint16_t)0xFF80)
  79:../Library/STM32F10x_StdPeriph_Driver/src/stm32f10x_bkp.c **** #define RTCCR_Mask        ((uint16_t)0xFC7F)
  80:../Library/STM32F10x_StdPeriph_Driver/src/stm32f10x_bkp.c **** 
  81:../Library/STM32F10x_StdPeriph_Driver/src/stm32f10x_bkp.c **** /* CSR register bit mask */
  82:../Library/STM32F10x_StdPeriph_Driver/src/stm32f10x_bkp.c **** #define CSR_CTE_Set       ((uint16_t)0x0001)
  83:../Library/STM32F10x_StdPeriph_Driver/src/stm32f10x_bkp.c **** #define CSR_CTI_Set       ((uint16_t)0x0002)
  84:../Library/STM32F10x_StdPeriph_Driver/src/stm32f10x_bkp.c **** 
  85:../Library/STM32F10x_StdPeriph_Driver/src/stm32f10x_bkp.c **** /**
  86:../Library/STM32F10x_StdPeriph_Driver/src/stm32f10x_bkp.c ****   * @}
  87:../Library/STM32F10x_StdPeriph_Driver/src/stm32f10x_bkp.c ****   */ 
  88:../Library/STM32F10x_StdPeriph_Driver/src/stm32f10x_bkp.c **** 
  89:../Library/STM32F10x_StdPeriph_Driver/src/stm32f10x_bkp.c **** 
  90:../Library/STM32F10x_StdPeriph_Driver/src/stm32f10x_bkp.c **** /** @defgroup BKP_Private_Macros
  91:../Library/STM32F10x_StdPeriph_Driver/src/stm32f10x_bkp.c ****   * @{
  92:../Library/STM32F10x_StdPeriph_Driver/src/stm32f10x_bkp.c ****   */
  93:../Library/STM32F10x_StdPeriph_Driver/src/stm32f10x_bkp.c **** 
  94:../Library/STM32F10x_StdPeriph_Driver/src/stm32f10x_bkp.c **** /**
  95:../Library/STM32F10x_StdPeriph_Driver/src/stm32f10x_bkp.c ****   * @}
  96:../Library/STM32F10x_StdPeriph_Driver/src/stm32f10x_bkp.c ****   */
  97:../Library/STM32F10x_StdPeriph_Driver/src/stm32f10x_bkp.c **** 
  98:../Library/STM32F10x_StdPeriph_Driver/src/stm32f10x_bkp.c **** /** @defgroup BKP_Private_Variables
  99:../Library/STM32F10x_StdPeriph_Driver/src/stm32f10x_bkp.c ****   * @{
 100:../Library/STM32F10x_StdPeriph_Driver/src/stm32f10x_bkp.c ****   */
 101:../Library/STM32F10x_StdPeriph_Driver/src/stm32f10x_bkp.c **** 
 102:../Library/STM32F10x_StdPeriph_Driver/src/stm32f10x_bkp.c **** /**
 103:../Library/STM32F10x_StdPeriph_Driver/src/stm32f10x_bkp.c ****   * @}
 104:../Library/STM32F10x_StdPeriph_Driver/src/stm32f10x_bkp.c ****   */
 105:../Library/STM32F10x_StdPeriph_Driver/src/stm32f10x_bkp.c **** 
 106:../Library/STM32F10x_StdPeriph_Driver/src/stm32f10x_bkp.c **** /** @defgroup BKP_Private_FunctionPrototypes
 107:../Library/STM32F10x_StdPeriph_Driver/src/stm32f10x_bkp.c ****   * @{
 108:../Library/STM32F10x_StdPeriph_Driver/src/stm32f10x_bkp.c ****   */
 109:../Library/STM32F10x_StdPeriph_Driver/src/stm32f10x_bkp.c **** 
 110:../Library/STM32F10x_StdPeriph_Driver/src/stm32f10x_bkp.c **** /**
 111:../Library/STM32F10x_StdPeriph_Driver/src/stm32f10x_bkp.c ****   * @}
 112:../Library/STM32F10x_StdPeriph_Driver/src/stm32f10x_bkp.c ****   */
 113:../Library/STM32F10x_StdPeriph_Driver/src/stm32f10x_bkp.c **** 
 114:../Library/STM32F10x_StdPeriph_Driver/src/stm32f10x_bkp.c **** /** @defgroup BKP_Private_Functions
 115:../Library/STM32F10x_StdPeriph_Driver/src/stm32f10x_bkp.c ****   * @{
 116:../Library/STM32F10x_StdPeriph_Driver/src/stm32f10x_bkp.c ****   */
 117:../Library/STM32F10x_StdPeriph_Driver/src/stm32f10x_bkp.c **** 
 118:../Library/STM32F10x_StdPeriph_Driver/src/stm32f10x_bkp.c **** /**
 119:../Library/STM32F10x_StdPeriph_Driver/src/stm32f10x_bkp.c ****   * @brief  Deinitializes the BKP peripheral registers to their default reset values.
 120:../Library/STM32F10x_StdPeriph_Driver/src/stm32f10x_bkp.c ****   * @param  None
 121:../Library/STM32F10x_StdPeriph_Driver/src/stm32f10x_bkp.c ****   * @retval None
 122:../Library/STM32F10x_StdPeriph_Driver/src/stm32f10x_bkp.c ****   */
 123:../Library/STM32F10x_StdPeriph_Driver/src/stm32f10x_bkp.c **** void BKP_DeInit(void)
 124:../Library/STM32F10x_StdPeriph_Driver/src/stm32f10x_bkp.c **** {
 125:../Library/STM32F10x_StdPeriph_Driver/src/stm32f10x_bkp.c ****   RCC_BackupResetCmd(ENABLE);
 126:../Library/STM32F10x_StdPeriph_Driver/src/stm32f10x_bkp.c ****   RCC_BackupResetCmd(DISABLE);
 127:../Library/STM32F10x_StdPeriph_Driver/src/stm32f10x_bkp.c **** }
 128:../Library/STM32F10x_StdPeriph_Driver/src/stm32f10x_bkp.c **** 
 129:../Library/STM32F10x_StdPeriph_Driver/src/stm32f10x_bkp.c **** /**
 130:../Library/STM32F10x_StdPeriph_Driver/src/stm32f10x_bkp.c ****   * @brief  Configures the Tamper Pin active level.
 131:../Library/STM32F10x_StdPeriph_Driver/src/stm32f10x_bkp.c ****   * @param  BKP_TamperPinLevel: specifies the Tamper Pin active level.
 132:../Library/STM32F10x_StdPeriph_Driver/src/stm32f10x_bkp.c ****   *   This parameter can be one of the following values:
 133:../Library/STM32F10x_StdPeriph_Driver/src/stm32f10x_bkp.c ****   *     @arg BKP_TamperPinLevel_High: Tamper pin active on high level
 134:../Library/STM32F10x_StdPeriph_Driver/src/stm32f10x_bkp.c ****   *     @arg BKP_TamperPinLevel_Low: Tamper pin active on low level
 135:../Library/STM32F10x_StdPeriph_Driver/src/stm32f10x_bkp.c ****   * @retval None
 136:../Library/STM32F10x_StdPeriph_Driver/src/stm32f10x_bkp.c ****   */
 137:../Library/STM32F10x_StdPeriph_Driver/src/stm32f10x_bkp.c **** void BKP_TamperPinLevelConfig(uint16_t BKP_TamperPinLevel)
 138:../Library/STM32F10x_StdPeriph_Driver/src/stm32f10x_bkp.c **** {
 18477              		.loc 1 138 0
 18478              		.cfi_startproc
 18479              		@ args = 0, pretend = 0, frame = 0
 18480              		@ frame_needed = 0, uses_anonymous_args = 0
 18481              		@ link register save eliminated.
 18482              	.LVL0:
 139:../Library/STM32F10x_StdPeriph_Driver/src/stm32f10x_bkp.c ****   /* Check the parameters */
 140:../Library/STM32F10x_StdPeriph_Driver/src/stm32f10x_bkp.c ****   assert_param(IS_BKP_TAMPER_PIN_LEVEL(BKP_TamperPinLevel));
 141:../Library/STM32F10x_StdPeriph_Driver/src/stm32f10x_bkp.c ****   *(__IO uint32_t *) CR_TPAL_BB = BKP_TamperPinLevel;
 18483              		.loc 1 141 0
 18484 0000 48F20463 		movw	r3, #:lower16:1108182532
 18485 0004 C4F20D23 		movt	r3, #:upper16:1108182532
 18486 0008 1860     		str	r0, [r3, #0]
 142:../Library/STM32F10x_StdPeriph_Driver/src/stm32f10x_bkp.c **** }
 18487              		.loc 1 142 0
 18488 000a 7047     		bx	lr
 18489              		.cfi_endproc
 18490              	.LFE30:
 18492              		.section	.text.BKP_TamperPinCmd,"ax",%progbits
 18493              		.align	2
 18494              		.global	BKP_TamperPinCmd
 18495              		.thumb
 18496              		.thumb_func
 18498              	BKP_TamperPinCmd:
 18499              	.LFB31:
 143:../Library/STM32F10x_StdPeriph_Driver/src/stm32f10x_bkp.c **** 
 144:../Library/STM32F10x_StdPeriph_Driver/src/stm32f10x_bkp.c **** /**
 145:../Library/STM32F10x_StdPeriph_Driver/src/stm32f10x_bkp.c ****   * @brief  Enables or disables the Tamper Pin activation.
 146:../Library/STM32F10x_StdPeriph_Driver/src/stm32f10x_bkp.c ****   * @param  NewState: new state of the Tamper Pin activation.
 147:../Library/STM32F10x_StdPeriph_Driver/src/stm32f10x_bkp.c ****   *   This parameter can be: ENABLE or DISABLE.
 148:../Library/STM32F10x_StdPeriph_Driver/src/stm32f10x_bkp.c ****   * @retval None
 149:../Library/STM32F10x_StdPeriph_Driver/src/stm32f10x_bkp.c ****   */
 150:../Library/STM32F10x_StdPeriph_Driver/src/stm32f10x_bkp.c **** void BKP_TamperPinCmd(FunctionalState NewState)
 151:../Library/STM32F10x_StdPeriph_Driver/src/stm32f10x_bkp.c **** {
 18500              		.loc 1 151 0
 18501              		.cfi_startproc
 18502              		@ args = 0, pretend = 0, frame = 0
 18503              		@ frame_needed = 0, uses_anonymous_args = 0
 18504              		@ link register save eliminated.
 18505              	.LVL1:
 152:../Library/STM32F10x_StdPeriph_Driver/src/stm32f10x_bkp.c ****   /* Check the parameters */
 153:../Library/STM32F10x_StdPeriph_Driver/src/stm32f10x_bkp.c ****   assert_param(IS_FUNCTIONAL_STATE(NewState));
 154:../Library/STM32F10x_StdPeriph_Driver/src/stm32f10x_bkp.c ****   *(__IO uint32_t *) CR_TPE_BB = (uint32_t)NewState;
 18506              		.loc 1 154 0
 18507 0000 48F20063 		movw	r3, #:lower16:1108182528
 18508 0004 C4F20D23 		movt	r3, #:upper16:1108182528
 18509 0008 1860     		str	r0, [r3, #0]
 155:../Library/STM32F10x_StdPeriph_Driver/src/stm32f10x_bkp.c **** }
 18510              		.loc 1 155 0
 18511 000a 7047     		bx	lr
 18512              		.cfi_endproc
 18513              	.LFE31:
 18515              		.section	.text.BKP_ITConfig,"ax",%progbits
 18516              		.align	2
 18517              		.global	BKP_ITConfig
 18518              		.thumb
 18519              		.thumb_func
 18521              	BKP_ITConfig:
 18522              	.LFB32:
 156:../Library/STM32F10x_StdPeriph_Driver/src/stm32f10x_bkp.c **** 
 157:../Library/STM32F10x_StdPeriph_Driver/src/stm32f10x_bkp.c **** /**
 158:../Library/STM32F10x_StdPeriph_Driver/src/stm32f10x_bkp.c ****   * @brief  Enables or disables the Tamper Pin Interrupt.
 159:../Library/STM32F10x_StdPeriph_Driver/src/stm32f10x_bkp.c ****   * @param  NewState: new state of the Tamper Pin Interrupt.
 160:../Library/STM32F10x_StdPeriph_Driver/src/stm32f10x_bkp.c ****   *   This parameter can be: ENABLE or DISABLE.
 161:../Library/STM32F10x_StdPeriph_Driver/src/stm32f10x_bkp.c ****   * @retval None
 162:../Library/STM32F10x_StdPeriph_Driver/src/stm32f10x_bkp.c ****   */
 163:../Library/STM32F10x_StdPeriph_Driver/src/stm32f10x_bkp.c **** void BKP_ITConfig(FunctionalState NewState)
 164:../Library/STM32F10x_StdPeriph_Driver/src/stm32f10x_bkp.c **** {
 18523              		.loc 1 164 0
 18524              		.cfi_startproc
 18525              		@ args = 0, pretend = 0, frame = 0
 18526              		@ frame_needed = 0, uses_anonymous_args = 0
 18527              		@ link register save eliminated.
 18528              	.LVL2:
 165:../Library/STM32F10x_StdPeriph_Driver/src/stm32f10x_bkp.c ****   /* Check the parameters */
 166:../Library/STM32F10x_StdPeriph_Driver/src/stm32f10x_bkp.c ****   assert_param(IS_FUNCTIONAL_STATE(NewState));
 167:../Library/STM32F10x_StdPeriph_Driver/src/stm32f10x_bkp.c ****   *(__IO uint32_t *) CSR_TPIE_BB = (uint32_t)NewState;
 18529              		.loc 1 167 0
 18530 0000 48F28863 		movw	r3, #:lower16:1108182664
 18531 0004 C4F20D23 		movt	r3, #:upper16:1108182664
 18532 0008 1860     		str	r0, [r3, #0]
 168:../Library/STM32F10x_StdPeriph_Driver/src/stm32f10x_bkp.c **** }
 18533              		.loc 1 168 0
 18534 000a 7047     		bx	lr
 18535              		.cfi_endproc
 18536              	.LFE32:
 18538              		.section	.text.BKP_RTCOutputConfig,"ax",%progbits
 18539              		.align	2
 18540              		.global	BKP_RTCOutputConfig
 18541              		.thumb
 18542              		.thumb_func
 18544              	BKP_RTCOutputConfig:
 18545              	.LFB33:
 169:../Library/STM32F10x_StdPeriph_Driver/src/stm32f10x_bkp.c **** 
 170:../Library/STM32F10x_StdPeriph_Driver/src/stm32f10x_bkp.c **** /**
 171:../Library/STM32F10x_StdPeriph_Driver/src/stm32f10x_bkp.c ****   * @brief  Select the RTC output source to output on the Tamper pin.
 172:../Library/STM32F10x_StdPeriph_Driver/src/stm32f10x_bkp.c ****   * @param  BKP_RTCOutputSource: specifies the RTC output source.
 173:../Library/STM32F10x_StdPeriph_Driver/src/stm32f10x_bkp.c ****   *   This parameter can be one of the following values:
 174:../Library/STM32F10x_StdPeriph_Driver/src/stm32f10x_bkp.c ****   *     @arg BKP_RTCOutputSource_None: no RTC output on the Tamper pin.
 175:../Library/STM32F10x_StdPeriph_Driver/src/stm32f10x_bkp.c ****   *     @arg BKP_RTCOutputSource_CalibClock: output the RTC clock with frequency
 176:../Library/STM32F10x_StdPeriph_Driver/src/stm32f10x_bkp.c ****   *                                          divided by 64 on the Tamper pin.
 177:../Library/STM32F10x_StdPeriph_Driver/src/stm32f10x_bkp.c ****   *     @arg BKP_RTCOutputSource_Alarm: output the RTC Alarm pulse signal on
 178:../Library/STM32F10x_StdPeriph_Driver/src/stm32f10x_bkp.c ****   *                                     the Tamper pin.
 179:../Library/STM32F10x_StdPeriph_Driver/src/stm32f10x_bkp.c ****   *     @arg BKP_RTCOutputSource_Second: output the RTC Second pulse signal on
 180:../Library/STM32F10x_StdPeriph_Driver/src/stm32f10x_bkp.c ****   *                                      the Tamper pin.  
 181:../Library/STM32F10x_StdPeriph_Driver/src/stm32f10x_bkp.c ****   * @retval None
 182:../Library/STM32F10x_StdPeriph_Driver/src/stm32f10x_bkp.c ****   */
 183:../Library/STM32F10x_StdPeriph_Driver/src/stm32f10x_bkp.c **** void BKP_RTCOutputConfig(uint16_t BKP_RTCOutputSource)
 184:../Library/STM32F10x_StdPeriph_Driver/src/stm32f10x_bkp.c **** {
 18546              		.loc 1 184 0
 18547              		.cfi_startproc
 18548              		@ args = 0, pretend = 0, frame = 0
 18549              		@ frame_needed = 0, uses_anonymous_args = 0
 18550              		@ link register save eliminated.
 18551              	.LVL3:
 185:../Library/STM32F10x_StdPeriph_Driver/src/stm32f10x_bkp.c ****   uint16_t tmpreg = 0;
 186:../Library/STM32F10x_StdPeriph_Driver/src/stm32f10x_bkp.c ****   /* Check the parameters */
 187:../Library/STM32F10x_StdPeriph_Driver/src/stm32f10x_bkp.c ****   assert_param(IS_BKP_RTC_OUTPUT_SOURCE(BKP_RTCOutputSource));
 188:../Library/STM32F10x_StdPeriph_Driver/src/stm32f10x_bkp.c ****   tmpreg = BKP->RTCCR;
 18552              		.loc 1 188 0
 18553 0000 46F60042 		movw	r2, #:lower16:1073769472
 18554 0004 C4F20002 		movt	r2, #:upper16:1073769472
 18555 0008 938D     		ldrh	r3, [r2, #44]
 189:../Library/STM32F10x_StdPeriph_Driver/src/stm32f10x_bkp.c ****   /* Clear CCO, ASOE and ASOS bits */
 190:../Library/STM32F10x_StdPeriph_Driver/src/stm32f10x_bkp.c ****   tmpreg &= RTCCR_Mask;
 18556              		.loc 1 190 0
 18557 000a 23F46073 		bic	r3, r3, #896
 18558              	.LVL4:
 18559 000e 4FEA0343 		lsl	r3, r3, #16
 18560              	.LVL5:
 18561 0012 4FEA1343 		lsr	r3, r3, #16
 18562              	.LVL6:
 191:../Library/STM32F10x_StdPeriph_Driver/src/stm32f10x_bkp.c ****   
 192:../Library/STM32F10x_StdPeriph_Driver/src/stm32f10x_bkp.c ****   /* Set CCO, ASOE and ASOS bits according to BKP_RTCOutputSource value */
 193:../Library/STM32F10x_StdPeriph_Driver/src/stm32f10x_bkp.c ****   tmpreg |= BKP_RTCOutputSource;
 18563              		.loc 1 193 0
 18564 0016 40EA0303 		orr	r3, r0, r3
 18565              	.LVL7:
 194:../Library/STM32F10x_StdPeriph_Driver/src/stm32f10x_bkp.c ****   /* Store the new value */
 195:../Library/STM32F10x_StdPeriph_Driver/src/stm32f10x_bkp.c ****   BKP->RTCCR = tmpreg;
 18566              		.loc 1 195 0
 18567 001a 9385     		strh	r3, [r2, #44]	@ movhi
 196:../Library/STM32F10x_StdPeriph_Driver/src/stm32f10x_bkp.c **** }
 18568              		.loc 1 196 0
 18569 001c 7047     		bx	lr
 18570              		.cfi_endproc
 18571              	.LFE33:
 18573 001e 00BF     		.section	.text.BKP_SetRTCCalibrationValue,"ax",%progbits
 18574              		.align	2
 18575              		.global	BKP_SetRTCCalibrationValue
 18576              		.thumb
 18577              		.thumb_func
 18579              	BKP_SetRTCCalibrationValue:
 18580              	.LFB34:
 197:../Library/STM32F10x_StdPeriph_Driver/src/stm32f10x_bkp.c **** 
 198:../Library/STM32F10x_StdPeriph_Driver/src/stm32f10x_bkp.c **** /**
 199:../Library/STM32F10x_StdPeriph_Driver/src/stm32f10x_bkp.c ****   * @brief  Sets RTC Clock Calibration value.
 200:../Library/STM32F10x_StdPeriph_Driver/src/stm32f10x_bkp.c ****   * @param  CalibrationValue: specifies the RTC Clock Calibration value.
 201:../Library/STM32F10x_StdPeriph_Driver/src/stm32f10x_bkp.c ****   *   This parameter must be a number between 0 and 0x7F.
 202:../Library/STM32F10x_StdPeriph_Driver/src/stm32f10x_bkp.c ****   * @retval None
 203:../Library/STM32F10x_StdPeriph_Driver/src/stm32f10x_bkp.c ****   */
 204:../Library/STM32F10x_StdPeriph_Driver/src/stm32f10x_bkp.c **** void BKP_SetRTCCalibrationValue(uint8_t CalibrationValue)
 205:../Library/STM32F10x_StdPeriph_Driver/src/stm32f10x_bkp.c **** {
 18581              		.loc 1 205 0
 18582              		.cfi_startproc
 18583              		@ args = 0, pretend = 0, frame = 0
 18584              		@ frame_needed = 0, uses_anonymous_args = 0
 18585              		@ link register save eliminated.
 18586              	.LVL8:
 206:../Library/STM32F10x_StdPeriph_Driver/src/stm32f10x_bkp.c ****   uint16_t tmpreg = 0;
 207:../Library/STM32F10x_StdPeriph_Driver/src/stm32f10x_bkp.c ****   /* Check the parameters */
 208:../Library/STM32F10x_StdPeriph_Driver/src/stm32f10x_bkp.c ****   assert_param(IS_BKP_CALIBRATION_VALUE(CalibrationValue));
 209:../Library/STM32F10x_StdPeriph_Driver/src/stm32f10x_bkp.c ****   tmpreg = BKP->RTCCR;
 18587              		.loc 1 209 0
 18588 0000 46F60042 		movw	r2, #:lower16:1073769472
 18589 0004 C4F20002 		movt	r2, #:upper16:1073769472
 18590 0008 938D     		ldrh	r3, [r2, #44]
 210:../Library/STM32F10x_StdPeriph_Driver/src/stm32f10x_bkp.c ****   /* Clear CAL[6:0] bits */
 211:../Library/STM32F10x_StdPeriph_Driver/src/stm32f10x_bkp.c ****   tmpreg &= RTCCR_CAL_Mask;
 18591              		.loc 1 211 0
 18592 000a 23F07F03 		bic	r3, r3, #127
 18593              	.LVL9:
 18594 000e 4FEA0343 		lsl	r3, r3, #16
 18595              	.LVL10:
 18596 0012 4FEA1343 		lsr	r3, r3, #16
 18597              	.LVL11:
 212:../Library/STM32F10x_StdPeriph_Driver/src/stm32f10x_bkp.c ****   /* Set CAL[6:0] bits according to CalibrationValue value */
 213:../Library/STM32F10x_StdPeriph_Driver/src/stm32f10x_bkp.c ****   tmpreg |= CalibrationValue;
 18598              		.loc 1 213 0
 18599 0016 40EA0303 		orr	r3, r0, r3
 18600              	.LVL12:
 214:../Library/STM32F10x_StdPeriph_Driver/src/stm32f10x_bkp.c ****   /* Store the new value */
 215:../Library/STM32F10x_StdPeriph_Driver/src/stm32f10x_bkp.c ****   BKP->RTCCR = tmpreg;
 18601              		.loc 1 215 0
 18602 001a 9385     		strh	r3, [r2, #44]	@ movhi
 216:../Library/STM32F10x_StdPeriph_Driver/src/stm32f10x_bkp.c **** }
 18603              		.loc 1 216 0
 18604 001c 7047     		bx	lr
 18605              		.cfi_endproc
 18606              	.LFE34:
 18608 001e 00BF     		.section	.text.BKP_WriteBackupRegister,"ax",%progbits
 18609              		.align	2
 18610              		.global	BKP_WriteBackupRegister
 18611              		.thumb
 18612              		.thumb_func
 18614              	BKP_WriteBackupRegister:
 18615              	.LFB35:
 217:../Library/STM32F10x_StdPeriph_Driver/src/stm32f10x_bkp.c **** 
 218:../Library/STM32F10x_StdPeriph_Driver/src/stm32f10x_bkp.c **** /**
 219:../Library/STM32F10x_StdPeriph_Driver/src/stm32f10x_bkp.c ****   * @brief  Writes user data to the specified Data Backup Register.
 220:../Library/STM32F10x_StdPeriph_Driver/src/stm32f10x_bkp.c ****   * @param  BKP_DR: specifies the Data Backup Register.
 221:../Library/STM32F10x_StdPeriph_Driver/src/stm32f10x_bkp.c ****   *   This parameter can be BKP_DRx where x:[1, 42]
 222:../Library/STM32F10x_StdPeriph_Driver/src/stm32f10x_bkp.c ****   * @param  Data: data to write
 223:../Library/STM32F10x_StdPeriph_Driver/src/stm32f10x_bkp.c ****   * @retval None
 224:../Library/STM32F10x_StdPeriph_Driver/src/stm32f10x_bkp.c ****   */
 225:../Library/STM32F10x_StdPeriph_Driver/src/stm32f10x_bkp.c **** void BKP_WriteBackupRegister(uint16_t BKP_DR, uint16_t Data)
 226:../Library/STM32F10x_StdPeriph_Driver/src/stm32f10x_bkp.c **** {
 18616              		.loc 1 226 0
 18617              		.cfi_startproc
 18618              		@ args = 0, pretend = 0, frame = 8
 18619              		@ frame_needed = 0, uses_anonymous_args = 0
 18620              		@ link register save eliminated.
 18621              	.LVL13:
 18622 0000 82B0     		sub	sp, sp, #8
 18623              	.LCFI0:
 18624              		.cfi_def_cfa_offset 8
 227:../Library/STM32F10x_StdPeriph_Driver/src/stm32f10x_bkp.c ****   __IO uint32_t tmp = 0;
 18625              		.loc 1 227 0
 18626 0002 4FF00003 		mov	r3, #0
 18627 0006 0193     		str	r3, [sp, #4]
 18628              	.LVL14:
 228:../Library/STM32F10x_StdPeriph_Driver/src/stm32f10x_bkp.c **** 
 229:../Library/STM32F10x_StdPeriph_Driver/src/stm32f10x_bkp.c ****   /* Check the parameters */
 230:../Library/STM32F10x_StdPeriph_Driver/src/stm32f10x_bkp.c ****   assert_param(IS_BKP_DR(BKP_DR));
 231:../Library/STM32F10x_StdPeriph_Driver/src/stm32f10x_bkp.c **** 
 232:../Library/STM32F10x_StdPeriph_Driver/src/stm32f10x_bkp.c ****   tmp = (uint32_t)BKP_BASE; 
 18629              		.loc 1 232 0
 18630 0008 46F60043 		movw	r3, #:lower16:1073769472
 18631 000c C4F20003 		movt	r3, #:upper16:1073769472
 18632 0010 0193     		str	r3, [sp, #4]
 18633              	.LVL15:
 233:../Library/STM32F10x_StdPeriph_Driver/src/stm32f10x_bkp.c ****   tmp += BKP_DR;
 18634              		.loc 1 233 0
 18635 0012 019B     		ldr	r3, [sp, #4]
 18636 0014 0344     		add	r3, r0, r3
 18637              	.LVL16:
 18638 0016 0193     		str	r3, [sp, #4]
 234:../Library/STM32F10x_StdPeriph_Driver/src/stm32f10x_bkp.c **** 
 235:../Library/STM32F10x_StdPeriph_Driver/src/stm32f10x_bkp.c ****   *(__IO uint32_t *) tmp = Data;
 18639              		.loc 1 235 0
 18640 0018 019B     		ldr	r3, [sp, #4]
 18641              	.LVL17:
 18642 001a 1960     		str	r1, [r3, #0]
 236:../Library/STM32F10x_StdPeriph_Driver/src/stm32f10x_bkp.c **** }
 18643              		.loc 1 236 0
 18644 001c 02B0     		add	sp, sp, #8
 18645 001e 7047     		bx	lr
 18646              		.cfi_endproc
 18647              	.LFE35:
 18649              		.section	.text.BKP_ReadBackupRegister,"ax",%progbits
 18650              		.align	2
 18651              		.global	BKP_ReadBackupRegister
 18652              		.thumb
 18653              		.thumb_func
 18655              	BKP_ReadBackupRegister:
 18656              	.LFB36:
 237:../Library/STM32F10x_StdPeriph_Driver/src/stm32f10x_bkp.c **** 
 238:../Library/STM32F10x_StdPeriph_Driver/src/stm32f10x_bkp.c **** /**
 239:../Library/STM32F10x_StdPeriph_Driver/src/stm32f10x_bkp.c ****   * @brief  Reads data from the specified Data Backup Register.
 240:../Library/STM32F10x_StdPeriph_Driver/src/stm32f10x_bkp.c ****   * @param  BKP_DR: specifies the Data Backup Register.
 241:../Library/STM32F10x_StdPeriph_Driver/src/stm32f10x_bkp.c ****   *   This parameter can be BKP_DRx where x:[1, 42]
 242:../Library/STM32F10x_StdPeriph_Driver/src/stm32f10x_bkp.c ****   * @retval The content of the specified Data Backup Register
 243:../Library/STM32F10x_StdPeriph_Driver/src/stm32f10x_bkp.c ****   */
 244:../Library/STM32F10x_StdPeriph_Driver/src/stm32f10x_bkp.c **** uint16_t BKP_ReadBackupRegister(uint16_t BKP_DR)
 245:../Library/STM32F10x_StdPeriph_Driver/src/stm32f10x_bkp.c **** {
 18657              		.loc 1 245 0
 18658              		.cfi_startproc
 18659              		@ args = 0, pretend = 0, frame = 8
 18660              		@ frame_needed = 0, uses_anonymous_args = 0
 18661              		@ link register save eliminated.
 18662              	.LVL18:
 18663 0000 82B0     		sub	sp, sp, #8
 18664              	.LCFI1:
 18665              		.cfi_def_cfa_offset 8
 246:../Library/STM32F10x_StdPeriph_Driver/src/stm32f10x_bkp.c ****   __IO uint32_t tmp = 0;
 18666              		.loc 1 246 0
 18667 0002 4FF00003 		mov	r3, #0
 18668 0006 0193     		str	r3, [sp, #4]
 18669              	.LVL19:
 247:../Library/STM32F10x_StdPeriph_Driver/src/stm32f10x_bkp.c **** 
 248:../Library/STM32F10x_StdPeriph_Driver/src/stm32f10x_bkp.c ****   /* Check the parameters */
 249:../Library/STM32F10x_StdPeriph_Driver/src/stm32f10x_bkp.c ****   assert_param(IS_BKP_DR(BKP_DR));
 250:../Library/STM32F10x_StdPeriph_Driver/src/stm32f10x_bkp.c **** 
 251:../Library/STM32F10x_StdPeriph_Driver/src/stm32f10x_bkp.c ****   tmp = (uint32_t)BKP_BASE; 
 18670              		.loc 1 251 0
 18671 0008 46F60043 		movw	r3, #:lower16:1073769472
 18672 000c C4F20003 		movt	r3, #:upper16:1073769472
 18673 0010 0193     		str	r3, [sp, #4]
 18674              	.LVL20:
 252:../Library/STM32F10x_StdPeriph_Driver/src/stm32f10x_bkp.c ****   tmp += BKP_DR;
 18675              		.loc 1 252 0
 18676 0012 019B     		ldr	r3, [sp, #4]
 18677 0014 0344     		add	r3, r0, r3
 18678              	.LVL21:
 18679 0016 0193     		str	r3, [sp, #4]
 253:../Library/STM32F10x_StdPeriph_Driver/src/stm32f10x_bkp.c **** 
 254:../Library/STM32F10x_StdPeriph_Driver/src/stm32f10x_bkp.c ****   return (*(__IO uint16_t *) tmp);
 18680              		.loc 1 254 0
 18681 0018 019B     		ldr	r3, [sp, #4]
 18682              	.LVL22:
 18683 001a 1888     		ldrh	r0, [r3, #0]
 18684              	.LVL23:
 255:../Library/STM32F10x_StdPeriph_Driver/src/stm32f10x_bkp.c **** }
 18685              		.loc 1 255 0
 18686 001c 80B2     		uxth	r0, r0
 18687 001e 02B0     		add	sp, sp, #8
 18688 0020 7047     		bx	lr
 18689              		.cfi_endproc
 18690              	.LFE36:
 18692 0022 00BF     		.section	.text.BKP_GetFlagStatus,"ax",%progbits
 18693              		.align	2
 18694              		.global	BKP_GetFlagStatus
 18695              		.thumb
 18696              		.thumb_func
 18698              	BKP_GetFlagStatus:
 18699              	.LFB37:
 256:../Library/STM32F10x_StdPeriph_Driver/src/stm32f10x_bkp.c **** 
 257:../Library/STM32F10x_StdPeriph_Driver/src/stm32f10x_bkp.c **** /**
 258:../Library/STM32F10x_StdPeriph_Driver/src/stm32f10x_bkp.c ****   * @brief  Checks whether the Tamper Pin Event flag is set or not.
 259:../Library/STM32F10x_StdPeriph_Driver/src/stm32f10x_bkp.c ****   * @param  None
 260:../Library/STM32F10x_StdPeriph_Driver/src/stm32f10x_bkp.c ****   * @retval The new state of the Tamper Pin Event flag (SET or RESET).
 261:../Library/STM32F10x_StdPeriph_Driver/src/stm32f10x_bkp.c ****   */
 262:../Library/STM32F10x_StdPeriph_Driver/src/stm32f10x_bkp.c **** FlagStatus BKP_GetFlagStatus(void)
 263:../Library/STM32F10x_StdPeriph_Driver/src/stm32f10x_bkp.c **** {
 18700              		.loc 1 263 0
 18701              		.cfi_startproc
 18702              		@ args = 0, pretend = 0, frame = 0
 18703              		@ frame_needed = 0, uses_anonymous_args = 0
 18704              		@ link register save eliminated.
 264:../Library/STM32F10x_StdPeriph_Driver/src/stm32f10x_bkp.c ****   return (FlagStatus)(*(__IO uint32_t *) CSR_TEF_BB);
 18705              		.loc 1 264 0
 18706 0000 48F2A063 		movw	r3, #:lower16:1108182688
 18707 0004 C4F20D23 		movt	r3, #:upper16:1108182688
 18708 0008 1868     		ldr	r0, [r3, #0]
 265:../Library/STM32F10x_StdPeriph_Driver/src/stm32f10x_bkp.c **** }
 18709              		.loc 1 265 0
 18710 000a C0B2     		uxtb	r0, r0
 18711 000c 7047     		bx	lr
 18712              		.cfi_endproc
 18713              	.LFE37:
 18715 000e 00BF     		.section	.text.BKP_ClearFlag,"ax",%progbits
 18716              		.align	2
 18717              		.global	BKP_ClearFlag
 18718              		.thumb
 18719              		.thumb_func
 18721              	BKP_ClearFlag:
 18722              	.LFB38:
 266:../Library/STM32F10x_StdPeriph_Driver/src/stm32f10x_bkp.c **** 
 267:../Library/STM32F10x_StdPeriph_Driver/src/stm32f10x_bkp.c **** /**
 268:../Library/STM32F10x_StdPeriph_Driver/src/stm32f10x_bkp.c ****   * @brief  Clears Tamper Pin Event pending flag.
 269:../Library/STM32F10x_StdPeriph_Driver/src/stm32f10x_bkp.c ****   * @param  None
 270:../Library/STM32F10x_StdPeriph_Driver/src/stm32f10x_bkp.c ****   * @retval None
 271:../Library/STM32F10x_StdPeriph_Driver/src/stm32f10x_bkp.c ****   */
 272:../Library/STM32F10x_StdPeriph_Driver/src/stm32f10x_bkp.c **** void BKP_ClearFlag(void)
 273:../Library/STM32F10x_StdPeriph_Driver/src/stm32f10x_bkp.c **** {
 18723              		.loc 1 273 0
 18724              		.cfi_startproc
 18725              		@ args = 0, pretend = 0, frame = 0
 18726              		@ frame_needed = 0, uses_anonymous_args = 0
 18727              		@ link register save eliminated.
 274:../Library/STM32F10x_StdPeriph_Driver/src/stm32f10x_bkp.c ****   /* Set CTE bit to clear Tamper Pin Event flag */
 275:../Library/STM32F10x_StdPeriph_Driver/src/stm32f10x_bkp.c ****   BKP->CSR |= CSR_CTE_Set;
 18728              		.loc 1 275 0
 18729 0000 46F60043 		movw	r3, #:lower16:1073769472
 18730 0004 C4F20003 		movt	r3, #:upper16:1073769472
 18731 0008 9A8E     		ldrh	r2, [r3, #52]
 18732 000a 92B2     		uxth	r2, r2
 18733 000c 42F00102 		orr	r2, r2, #1
 18734 0010 9A86     		strh	r2, [r3, #52]	@ movhi
 276:../Library/STM32F10x_StdPeriph_Driver/src/stm32f10x_bkp.c **** }
 18735              		.loc 1 276 0
 18736 0012 7047     		bx	lr
 18737              		.cfi_endproc
 18738              	.LFE38:
 18740              		.section	.text.BKP_GetITStatus,"ax",%progbits
 18741              		.align	2
 18742              		.global	BKP_GetITStatus
 18743              		.thumb
 18744              		.thumb_func
 18746              	BKP_GetITStatus:
 18747              	.LFB39:
 277:../Library/STM32F10x_StdPeriph_Driver/src/stm32f10x_bkp.c **** 
 278:../Library/STM32F10x_StdPeriph_Driver/src/stm32f10x_bkp.c **** /**
 279:../Library/STM32F10x_StdPeriph_Driver/src/stm32f10x_bkp.c ****   * @brief  Checks whether the Tamper Pin Interrupt has occurred or not.
 280:../Library/STM32F10x_StdPeriph_Driver/src/stm32f10x_bkp.c ****   * @param  None
 281:../Library/STM32F10x_StdPeriph_Driver/src/stm32f10x_bkp.c ****   * @retval The new state of the Tamper Pin Interrupt (SET or RESET).
 282:../Library/STM32F10x_StdPeriph_Driver/src/stm32f10x_bkp.c ****   */
 283:../Library/STM32F10x_StdPeriph_Driver/src/stm32f10x_bkp.c **** ITStatus BKP_GetITStatus(void)
 284:../Library/STM32F10x_StdPeriph_Driver/src/stm32f10x_bkp.c **** {
 18748              		.loc 1 284 0
 18749              		.cfi_startproc
 18750              		@ args = 0, pretend = 0, frame = 0
 18751              		@ frame_needed = 0, uses_anonymous_args = 0
 18752              		@ link register save eliminated.
 285:../Library/STM32F10x_StdPeriph_Driver/src/stm32f10x_bkp.c ****   return (ITStatus)(*(__IO uint32_t *) CSR_TIF_BB);
 18753              		.loc 1 285 0
 18754 0000 48F2A463 		movw	r3, #:lower16:1108182692
 18755 0004 C4F20D23 		movt	r3, #:upper16:1108182692
 18756 0008 1868     		ldr	r0, [r3, #0]
 286:../Library/STM32F10x_StdPeriph_Driver/src/stm32f10x_bkp.c **** }
 18757              		.loc 1 286 0
 18758 000a C0B2     		uxtb	r0, r0
 18759 000c 7047     		bx	lr
 18760              		.cfi_endproc
 18761              	.LFE39:
 18763 000e 00BF     		.section	.text.BKP_ClearITPendingBit,"ax",%progbits
 18764              		.align	2
 18765              		.global	BKP_ClearITPendingBit
 18766              		.thumb
 18767              		.thumb_func
 18769              	BKP_ClearITPendingBit:
 18770              	.LFB40:
 287:../Library/STM32F10x_StdPeriph_Driver/src/stm32f10x_bkp.c **** 
 288:../Library/STM32F10x_StdPeriph_Driver/src/stm32f10x_bkp.c **** /**
 289:../Library/STM32F10x_StdPeriph_Driver/src/stm32f10x_bkp.c ****   * @brief  Clears Tamper Pin Interrupt pending bit.
 290:../Library/STM32F10x_StdPeriph_Driver/src/stm32f10x_bkp.c ****   * @param  None
 291:../Library/STM32F10x_StdPeriph_Driver/src/stm32f10x_bkp.c ****   * @retval None
 292:../Library/STM32F10x_StdPeriph_Driver/src/stm32f10x_bkp.c ****   */
 293:../Library/STM32F10x_StdPeriph_Driver/src/stm32f10x_bkp.c **** void BKP_ClearITPendingBit(void)
 294:../Library/STM32F10x_StdPeriph_Driver/src/stm32f10x_bkp.c **** {
 18771              		.loc 1 294 0
 18772              		.cfi_startproc
 18773              		@ args = 0, pretend = 0, frame = 0
 18774              		@ frame_needed = 0, uses_anonymous_args = 0
 18775              		@ link register save eliminated.
 295:../Library/STM32F10x_StdPeriph_Driver/src/stm32f10x_bkp.c ****   /* Set CTI bit to clear Tamper Pin Interrupt pending bit */
 296:../Library/STM32F10x_StdPeriph_Driver/src/stm32f10x_bkp.c ****   BKP->CSR |= CSR_CTI_Set;
 18776              		.loc 1 296 0
 18777 0000 46F60043 		movw	r3, #:lower16:1073769472
 18778 0004 C4F20003 		movt	r3, #:upper16:1073769472
 18779 0008 9A8E     		ldrh	r2, [r3, #52]
 18780 000a 92B2     		uxth	r2, r2
 18781 000c 42F00202 		orr	r2, r2, #2
 18782 0010 9A86     		strh	r2, [r3, #52]	@ movhi
 297:../Library/STM32F10x_StdPeriph_Driver/src/stm32f10x_bkp.c **** }
 18783              		.loc 1 297 0
 18784 0012 7047     		bx	lr
 18785              		.cfi_endproc
 18786              	.LFE40:
 18788              		.section	.text.BKP_DeInit,"ax",%progbits
 18789              		.align	2
 18790              		.global	BKP_DeInit
 18791              		.thumb
 18792              		.thumb_func
 18794              	BKP_DeInit:
 18795              	.LFB29:
 18796              		.loc 1 124 0
 18797              		.cfi_startproc
 18798              		@ args = 0, pretend = 0, frame = 0
 18799              		@ frame_needed = 0, uses_anonymous_args = 0
 18800 0000 08B5     		push	{r3, lr}
 18801              	.LCFI2:
 18802              		.cfi_def_cfa_offset 8
 18803              		.loc 1 125 0
 18804 0002 4FF00100 		mov	r0, #1
 18805              		.cfi_offset 14, -4
 18806              		.cfi_offset 3, -8
 18807 0006 FFF7FEFF 		bl	RCC_BackupResetCmd
 18808              		.loc 1 126 0
 18809 000a 4FF00000 		mov	r0, #0
 18810 000e FFF7FEFF 		bl	RCC_BackupResetCmd
 18811              		.loc 1 127 0
 18812 0012 08BD     		pop	{r3, pc}
 18813              		.cfi_endproc
 18814              	.LFE29:
 18816              		.text
 18817              	.Letext0:
DEFINED SYMBOLS
                            *ABS*:00000000 stm32f10x_bkp.c
C:\Users\user\AppData\Local\Temp\cctLEMFi.s:18470  .text.BKP_TamperPinLevelConfig:00000000 $t
C:\Users\user\AppData\Local\Temp\cctLEMFi.s:18475  .text.BKP_TamperPinLevelConfig:00000000 BKP_TamperPinLevelConfig
C:\Users\user\AppData\Local\Temp\cctLEMFi.s:18493  .text.BKP_TamperPinCmd:00000000 $t
C:\Users\user\AppData\Local\Temp\cctLEMFi.s:18498  .text.BKP_TamperPinCmd:00000000 BKP_TamperPinCmd
C:\Users\user\AppData\Local\Temp\cctLEMFi.s:18516  .text.BKP_ITConfig:00000000 $t
C:\Users\user\AppData\Local\Temp\cctLEMFi.s:18521  .text.BKP_ITConfig:00000000 BKP_ITConfig
C:\Users\user\AppData\Local\Temp\cctLEMFi.s:18539  .text.BKP_RTCOutputConfig:00000000 $t
C:\Users\user\AppData\Local\Temp\cctLEMFi.s:18544  .text.BKP_RTCOutputConfig:00000000 BKP_RTCOutputConfig
C:\Users\user\AppData\Local\Temp\cctLEMFi.s:18574  .text.BKP_SetRTCCalibrationValue:00000000 $t
C:\Users\user\AppData\Local\Temp\cctLEMFi.s:18579  .text.BKP_SetRTCCalibrationValue:00000000 BKP_SetRTCCalibrationValue
C:\Users\user\AppData\Local\Temp\cctLEMFi.s:18609  .text.BKP_WriteBackupRegister:00000000 $t
C:\Users\user\AppData\Local\Temp\cctLEMFi.s:18614  .text.BKP_WriteBackupRegister:00000000 BKP_WriteBackupRegister
C:\Users\user\AppData\Local\Temp\cctLEMFi.s:18650  .text.BKP_ReadBackupRegister:00000000 $t
C:\Users\user\AppData\Local\Temp\cctLEMFi.s:18655  .text.BKP_ReadBackupRegister:00000000 BKP_ReadBackupRegister
C:\Users\user\AppData\Local\Temp\cctLEMFi.s:18693  .text.BKP_GetFlagStatus:00000000 $t
C:\Users\user\AppData\Local\Temp\cctLEMFi.s:18698  .text.BKP_GetFlagStatus:00000000 BKP_GetFlagStatus
C:\Users\user\AppData\Local\Temp\cctLEMFi.s:18716  .text.BKP_ClearFlag:00000000 $t
C:\Users\user\AppData\Local\Temp\cctLEMFi.s:18721  .text.BKP_ClearFlag:00000000 BKP_ClearFlag
C:\Users\user\AppData\Local\Temp\cctLEMFi.s:18741  .text.BKP_GetITStatus:00000000 $t
C:\Users\user\AppData\Local\Temp\cctLEMFi.s:18746  .text.BKP_GetITStatus:00000000 BKP_GetITStatus
C:\Users\user\AppData\Local\Temp\cctLEMFi.s:18764  .text.BKP_ClearITPendingBit:00000000 $t
C:\Users\user\AppData\Local\Temp\cctLEMFi.s:18769  .text.BKP_ClearITPendingBit:00000000 BKP_ClearITPendingBit
C:\Users\user\AppData\Local\Temp\cctLEMFi.s:18789  .text.BKP_DeInit:00000000 $t
C:\Users\user\AppData\Local\Temp\cctLEMFi.s:18794  .text.BKP_DeInit:00000000 BKP_DeInit
                     .debug_frame:00000010 $d

UNDEFINED SYMBOLS
RCC_BackupResetCmd
